 
****************************************
Report : area
Design : adder_2bit
Version: V-2023.12-SP5-1
Date   : Sun Mar 30 13:51:34 2025
****************************************

Library(s) Used:

    asap7sc7p5t_22b_AO_RVT_TT_170906 (File: /usr/local2/ASAP7/afs/asu.edu/class/e/e/e/eee525b/asap7libs/asap7libs_24/db/asap7sc7p5t_22b_AO_RVT_TT_170906.db)
    asap7sc7p5t_22b_SIMPLE_RVT_TT_170906 (File: /usr/local2/ASAP7/afs/asu.edu/class/e/e/e/eee525b/asap7libs/asap7libs_24/db/asap7sc7p5t_22b_SIMPLE_RVT_TT_170906.db)
    asap7sc7p5t_22b_INVBUF_RVT_TT_170906 (File: /usr/local2/ASAP7/afs/asu.edu/class/e/e/e/eee525b/asap7libs/asap7libs_24/db/asap7sc7p5t_22b_INVBUF_RVT_TT_170906.db)
    asap7sc7p5t_22b_OA_RVT_TT_170906 (File: /usr/local2/ASAP7/afs/asu.edu/class/e/e/e/eee525b/asap7libs/asap7libs_24/db/asap7sc7p5t_22b_OA_RVT_TT_170906.db)
    asap7sc7p5t_22b_SEQ_RVT_TT_170906 (File: /usr/local2/ASAP7/afs/asu.edu/class/e/e/e/eee525b/asap7libs/asap7libs_24/db/asap7sc7p5t_22b_SEQ_RVT_TT_170906.db)

Number of ports:                            8
Number of nets:                            19
Number of cells:                           14
Number of combinational cells:             11
Number of sequential cells:                 3
Number of macros/black boxes:               0
Number of buf/inv:                          2
Number of references:                       8

Combinational area:                 10.730880
Buf/Inv area:                        1.399680
Noncombinational area:              13.996799
Macro/Black Box area:                0.000000
Net Interconnect area:      undefined  (No wire load specified)

Total cell area:                    24.727679
Total area:                 undefined

Hierarchical area distribution
------------------------------

                                  Global cell area          Local cell area
                                  ------------------  --------------------------- 
Hierarchical cell                 Absolute   Percent  Combi-    Noncombi-  Black-
                                  Total      Total    national  national   boxes   Design
--------------------------------  ---------  -------  --------  ---------  ------  ---------
adder_2bit                          24.7277    100.0   10.7309    13.9968  0.0000  adder_2bit
--------------------------------  ---------  -------  --------  ---------  ------  ---------
Total                                                  10.7309    13.9968  0.0000


Area of detected synthetic parts
--------------------------------
  No DW parts to report!

Estimated area of ungrouped synthetic parts
-------------------------------------------
                           Estimated  Perc. of
  Module   Implem.  Count       Area cell area
  -------- -------  ----- ---------- ---------
  DW01_add apparch      1     3.6392     14.7%
  -------- -------  ----- ---------- ---------
  Total:                1     3.6392     14.7%

Total synthetic cell area:              3.6392  14.7%  (estimated)

1
 
****************************************
Report : area
Design : adder_2bit
Version: V-2023.12-SP5-1
Date   : Sun Mar 30 18:42:45 2025
****************************************

Library(s) Used:

    asap7sc7p5t_22b_AO_RVT_TT_170906 (File: /usr/local2/ASAP7/afs/asu.edu/class/e/e/e/eee525b/asap7libs/asap7libs_24/db/asap7sc7p5t_22b_AO_RVT_TT_170906.db)
    asap7sc7p5t_22b_SIMPLE_RVT_TT_170906 (File: /usr/local2/ASAP7/afs/asu.edu/class/e/e/e/eee525b/asap7libs/asap7libs_24/db/asap7sc7p5t_22b_SIMPLE_RVT_TT_170906.db)
    asap7sc7p5t_22b_INVBUF_RVT_TT_170906 (File: /usr/local2/ASAP7/afs/asu.edu/class/e/e/e/eee525b/asap7libs/asap7libs_24/db/asap7sc7p5t_22b_INVBUF_RVT_TT_170906.db)
    asap7sc7p5t_22b_OA_RVT_TT_170906 (File: /usr/local2/ASAP7/afs/asu.edu/class/e/e/e/eee525b/asap7libs/asap7libs_24/db/asap7sc7p5t_22b_OA_RVT_TT_170906.db)
    asap7sc7p5t_22b_SEQ_RVT_TT_170906 (File: /usr/local2/ASAP7/afs/asu.edu/class/e/e/e/eee525b/asap7libs/asap7libs_24/db/asap7sc7p5t_22b_SEQ_RVT_TT_170906.db)

Number of ports:                            8
Number of nets:                            19
Number of cells:                           14
Number of combinational cells:             11
Number of sequential cells:                 3
Number of macros/black boxes:               0
Number of buf/inv:                          2
Number of references:                       8

Combinational area:                 10.730880
Buf/Inv area:                        1.399680
Noncombinational area:              13.996799
Macro/Black Box area:                0.000000
Net Interconnect area:      undefined  (No wire load specified)

Total cell area:                    24.727679
Total area:                 undefined

Hierarchical area distribution
------------------------------

                                  Global cell area          Local cell area
                                  ------------------  --------------------------- 
Hierarchical cell                 Absolute   Percent  Combi-    Noncombi-  Black-
                                  Total      Total    national  national   boxes   Design
--------------------------------  ---------  -------  --------  ---------  ------  ---------
adder_2bit                          24.7277    100.0   10.7309    13.9968  0.0000  adder_2bit
--------------------------------  ---------  -------  --------  ---------  ------  ---------
Total                                                  10.7309    13.9968  0.0000


Area of detected synthetic parts
--------------------------------
  No DW parts to report!

Estimated area of ungrouped synthetic parts
-------------------------------------------
                           Estimated  Perc. of
  Module   Implem.  Count       Area cell area
  -------- -------  ----- ---------- ---------
  DW01_add apparch      1     3.6392     14.7%
  -------- -------  ----- ---------- ---------
  Total:                1     3.6392     14.7%

Total synthetic cell area:              3.6392  14.7%  (estimated)

1
