Information: Propagating switching activity (medium effort zero delay simulation). (PWR-6)
Warning: Design has unannotated primary inputs. (PWR-414)
Warning: Design has unannotated sequential cell outputs. (PWR-415)
 
****************************************
Report : power
        -hier
        -analysis_effort medium
Design : adder_2bit
Version: V-2023.12-SP5-1
Date   : Sun Mar 30 13:51:34 2025
****************************************


Library(s) Used:

    asap7sc7p5t_22b_AO_RVT_TT_170906 (File: /usr/local2/ASAP7/afs/asu.edu/class/e/e/e/eee525b/asap7libs/asap7libs_24/db/asap7sc7p5t_22b_AO_RVT_TT_170906.db)
    asap7sc7p5t_22b_SIMPLE_RVT_TT_170906 (File: /usr/local2/ASAP7/afs/asu.edu/class/e/e/e/eee525b/asap7libs/asap7libs_24/db/asap7sc7p5t_22b_SIMPLE_RVT_TT_170906.db)
    asap7sc7p5t_22b_INVBUF_RVT_TT_170906 (File: /usr/local2/ASAP7/afs/asu.edu/class/e/e/e/eee525b/asap7libs/asap7libs_24/db/asap7sc7p5t_22b_INVBUF_RVT_TT_170906.db)
    asap7sc7p5t_22b_OA_RVT_TT_170906 (File: /usr/local2/ASAP7/afs/asu.edu/class/e/e/e/eee525b/asap7libs/asap7libs_24/db/asap7sc7p5t_22b_OA_RVT_TT_170906.db)
    asap7sc7p5t_22b_SEQ_RVT_TT_170906 (File: /usr/local2/ASAP7/afs/asu.edu/class/e/e/e/eee525b/asap7libs/asap7libs_24/db/asap7sc7p5t_22b_SEQ_RVT_TT_170906.db)


Operating Conditions: PVT_0P7V_25C   Library: asap7sc7p5t_22b_AO_RVT_TT_170906
Wire Load Model Mode: segmented

Design        Wire Load Model            Library
------------------------------------------------


Global Operating Voltage = 0.7  
Power-specific unit information :
    Voltage Units = 1V
    Capacitance Units = 1.000000ff
    Time Units = 1ps
    Dynamic Power Units = 1mW    (derived from V,C,T units)
    Leakage Power Units = 1pW


--------------------------------------------------------------------------------
                                       Switch   Int      Leak     Total
Hierarchy                              Power    Power    Power    Power    %
--------------------------------------------------------------------------------
adder_2bit                             3.37e-04 5.75e-03 1.29e+03 6.09e-03 100.0
1
Information: Propagating switching activity (medium effort zero delay simulation). (PWR-6)
Warning: Design has unannotated primary inputs. (PWR-414)
Warning: Design has unannotated sequential cell outputs. (PWR-415)
 
****************************************
Report : power
        -hier
        -analysis_effort medium
Design : adder_2bit
Version: V-2023.12-SP5-1
Date   : Sun Mar 30 18:42:45 2025
****************************************


Library(s) Used:

    asap7sc7p5t_22b_AO_RVT_TT_170906 (File: /usr/local2/ASAP7/afs/asu.edu/class/e/e/e/eee525b/asap7libs/asap7libs_24/db/asap7sc7p5t_22b_AO_RVT_TT_170906.db)
    asap7sc7p5t_22b_SIMPLE_RVT_TT_170906 (File: /usr/local2/ASAP7/afs/asu.edu/class/e/e/e/eee525b/asap7libs/asap7libs_24/db/asap7sc7p5t_22b_SIMPLE_RVT_TT_170906.db)
    asap7sc7p5t_22b_INVBUF_RVT_TT_170906 (File: /usr/local2/ASAP7/afs/asu.edu/class/e/e/e/eee525b/asap7libs/asap7libs_24/db/asap7sc7p5t_22b_INVBUF_RVT_TT_170906.db)
    asap7sc7p5t_22b_OA_RVT_TT_170906 (File: /usr/local2/ASAP7/afs/asu.edu/class/e/e/e/eee525b/asap7libs/asap7libs_24/db/asap7sc7p5t_22b_OA_RVT_TT_170906.db)
    asap7sc7p5t_22b_SEQ_RVT_TT_170906 (File: /usr/local2/ASAP7/afs/asu.edu/class/e/e/e/eee525b/asap7libs/asap7libs_24/db/asap7sc7p5t_22b_SEQ_RVT_TT_170906.db)


Operating Conditions: PVT_0P7V_25C   Library: asap7sc7p5t_22b_AO_RVT_TT_170906
Wire Load Model Mode: segmented

Design        Wire Load Model            Library
------------------------------------------------


Global Operating Voltage = 0.7  
Power-specific unit information :
    Voltage Units = 1V
    Capacitance Units = 1.000000ff
    Time Units = 1ps
    Dynamic Power Units = 1mW    (derived from V,C,T units)
    Leakage Power Units = 1pW


--------------------------------------------------------------------------------
                                       Switch   Int      Leak     Total
Hierarchy                              Power    Power    Power    Power    %
--------------------------------------------------------------------------------
adder_2bit                             3.37e-04 5.75e-03 1.29e+03 6.09e-03 100.0
1
